This is pdfTeX, Version 3.14159265-2.6-1.40.18 (TeX Live 2017/Debian) (preloaded format=pdflatex 2020.4.16)  24 APR 2021 01:00
entering extended mode
 restricted \write18 enabled.
 %&-line parsing enabled.
**filter_design.tex
(./filter_design.tex
LaTeX2e <2017-04-15>
Babel <3.18> and hyphenation patterns for 84 language(s) loaded.
(/usr/share/texlive/texmf-dist/tex/latex/base/article.cls
Document Class: article 2014/09/29 v1.4h Standard LaTeX document class
(/usr/share/texlive/texmf-dist/tex/latex/base/size10.clo
File: size10.clo 2014/09/29 v1.4h Standard LaTeX file (size option)
)
\c@part=\count79
\c@section=\count80
\c@subsection=\count81
\c@subsubsection=\count82
\c@paragraph=\count83
\c@subparagraph=\count84
\c@figure=\count85
\c@table=\count86
\abovecaptionskip=\skip41
\belowcaptionskip=\skip42
\bibindent=\dimen102
)
(/usr/share/texlive/texmf-dist/tex/latex/graphics/graphicx.sty
Package: graphicx 2017/06/01 v1.1a Enhanced LaTeX Graphics (DPC,SPQR)

(/usr/share/texlive/texmf-dist/tex/latex/graphics/keyval.sty
Package: keyval 2014/10/28 v1.15 key=value parser (DPC)
\KV@toks@=\toks14
)
(/usr/share/texlive/texmf-dist/tex/latex/graphics/graphics.sty
Package: graphics 2017/06/25 v1.2c Standard LaTeX Graphics (DPC,SPQR)

(/usr/share/texlive/texmf-dist/tex/latex/graphics/trig.sty
Package: trig 2016/01/03 v1.10 sin cos tan (DPC)
)
(/usr/share/texlive/texmf-dist/tex/latex/graphics-cfg/graphics.cfg
File: graphics.cfg 2016/06/04 v1.11 sample graphics configuration
)
Package graphics Info: Driver file: pdftex.def on input line 99.

(/usr/share/texlive/texmf-dist/tex/latex/graphics-def/pdftex.def
File: pdftex.def 2018/01/08 v1.0l Graphics/color driver for pdftex
))
\Gin@req@height=\dimen103
\Gin@req@width=\dimen104
)
(./filter_design.aux)
\openout1 = `filter_design.aux'.

LaTeX Font Info:    Checking defaults for OML/cmm/m/it on input line 9.
LaTeX Font Info:    ... okay on input line 9.
LaTeX Font Info:    Checking defaults for T1/cmr/m/n on input line 9.
LaTeX Font Info:    ... okay on input line 9.
LaTeX Font Info:    Checking defaults for OT1/cmr/m/n on input line 9.
LaTeX Font Info:    ... okay on input line 9.
LaTeX Font Info:    Checking defaults for OMS/cmsy/m/n on input line 9.
LaTeX Font Info:    ... okay on input line 9.
LaTeX Font Info:    Checking defaults for OMX/cmex/m/n on input line 9.
LaTeX Font Info:    ... okay on input line 9.
LaTeX Font Info:    Checking defaults for U/cmr/m/n on input line 9.
LaTeX Font Info:    ... okay on input line 9.

(/usr/share/texlive/texmf-dist/tex/context/base/mkii/supp-pdf.mkii
[Loading MPS to PDF converter (version 2006.09.02).]
\scratchcounter=\count87
\scratchdimen=\dimen105
\scratchbox=\box26
\nofMPsegments=\count88
\nofMParguments=\count89
\everyMPshowfont=\toks15
\MPscratchCnt=\count90
\MPscratchDim=\dimen106
\MPnumerator=\count91
\makeMPintoPDFobject=\count92
\everyMPtoPDFconversion=\toks16
) (/usr/share/texlive/texmf-dist/tex/latex/oberdiek/epstopdf-base.sty
Package: epstopdf-base 2016/05/15 v2.6 Base part for package epstopdf

(/usr/share/texlive/texmf-dist/tex/generic/oberdiek/infwarerr.sty
Package: infwarerr 2016/05/16 v1.4 Providing info/warning/error messages (HO)
)
(/usr/share/texlive/texmf-dist/tex/latex/oberdiek/grfext.sty
Package: grfext 2016/05/16 v1.2 Manage graphics extensions (HO)

(/usr/share/texlive/texmf-dist/tex/generic/oberdiek/kvdefinekeys.sty
Package: kvdefinekeys 2016/05/16 v1.4 Define keys (HO)

(/usr/share/texlive/texmf-dist/tex/generic/oberdiek/ltxcmds.sty
Package: ltxcmds 2016/05/16 v1.23 LaTeX kernel commands for general use (HO)
)))
(/usr/share/texlive/texmf-dist/tex/latex/oberdiek/kvoptions.sty
Package: kvoptions 2016/05/16 v3.12 Key value format for package options (HO)

(/usr/share/texlive/texmf-dist/tex/generic/oberdiek/kvsetkeys.sty
Package: kvsetkeys 2016/05/16 v1.17 Key value parser (HO)

(/usr/share/texlive/texmf-dist/tex/generic/oberdiek/etexcmds.sty
Package: etexcmds 2016/05/16 v1.6 Avoid name clashes with e-TeX commands (HO)

(/usr/share/texlive/texmf-dist/tex/generic/oberdiek/ifluatex.sty
Package: ifluatex 2016/05/16 v1.4 Provides the ifluatex switch (HO)
Package ifluatex Info: LuaTeX not detected.
)
Package etexcmds Info: Could not find \expanded.
(etexcmds)             That can mean that you are not using pdfTeX 1.50 or
(etexcmds)             that some package has redefined \expanded.
(etexcmds)             In the latter case, load this package earlier.
)))
(/usr/share/texlive/texmf-dist/tex/generic/oberdiek/pdftexcmds.sty
Package: pdftexcmds 2018/01/21 v0.26 Utility functions of pdfTeX for LuaTeX (HO
)

(/usr/share/texlive/texmf-dist/tex/generic/oberdiek/ifpdf.sty
Package: ifpdf 2017/03/15 v3.2 Provides the ifpdf switch
)
Package pdftexcmds Info: LuaTeX not detected.
Package pdftexcmds Info: \pdf@primitive is available.
Package pdftexcmds Info: \pdf@ifprimitive is available.
Package pdftexcmds Info: \pdfdraftmode found.
)
Package epstopdf-base Info: Redefining graphics rule for `.eps' on input line 4
38.
Package grfext Info: Graphics extension search list:
(grfext)             [.pdf,.png,.jpg,.mps,.jpeg,.jbig2,.jb2,.PDF,.PNG,.JPG,.JPE
G,.JBIG2,.JB2,.eps]
(grfext)             \AppendGraphicsExtensions on input line 456.

(/usr/share/texlive/texmf-dist/tex/latex/latexconfig/epstopdf-sys.cfg
File: epstopdf-sys.cfg 2010/07/13 v1.3 Configuration of (r)epstopdf for TeX Liv
e
))
LaTeX Font Info:    External font `cmex10' loaded for size
(Font)              <12> on input line 15.
LaTeX Font Info:    External font `cmex10' loaded for size
(Font)              <8> on input line 15.
LaTeX Font Info:    External font `cmex10' loaded for size
(Font)              <6> on input line 15.
LaTeX Font Info:    External font `cmex10' loaded for size
(Font)              <7> on input line 22.
LaTeX Font Info:    External font `cmex10' loaded for size
(Font)              <5> on input line 22.
LaTeX Font Info:    Try loading font information for OMS+cmr on input line 31.

(/usr/share/texlive/texmf-dist/tex/latex/base/omscmr.fd
File: omscmr.fd 2014/09/29 v2.5h Standard LaTeX font definitions
)
LaTeX Font Info:    Font shape `OMS/cmr/m/n' in size <10> not available
(Font)              Font shape `OMS/cmsy/m/n' tried instead on input line 31.
 [1

{/var/lib/texmf/fonts/map/pdftex/updmap/pdftex.map}] [2]
Package epstopdf Info: Source file: <figs/IIR_Cheb_lp.eps>
(epstopdf)                    date: 2021-04-24 00:52:33
(epstopdf)                    size: 32936 bytes
(epstopdf)             Output file: <figs/IIR_Cheb_lp-eps-converted-to.pdf>
(epstopdf)                    date: 2021-04-24 00:59:32
(epstopdf)                    size: 13895 bytes
(epstopdf)             Command: <repstopdf --outfile=figs/IIR_Cheb_lp-eps-conve
rted-to.pdf figs/IIR_Cheb_lp.eps>
(epstopdf)             \includegraphics on input line 135.
Package epstopdf Info: Output file is already uptodate.


pdfTeX warning: pdflatex (file ./figs/IIR_Cheb_lp-eps-converted-to.pdf): PDF in
clusion: found PDF version <1.7>, but at most version <1.5> allowed
<figs/IIR_Cheb_lp-eps-converted-to.pdf, id=22, 462.52798pt x 346.89601pt>
File: figs/IIR_Cheb_lp-eps-converted-to.pdf Graphic file (type pdf)
<use figs/IIR_Cheb_lp-eps-converted-to.pdf>
Package pdftex.def Info: figs/IIR_Cheb_lp-eps-converted-to.pdf  used on input l
ine 135.
(pdftex.def)             Requested size: 426.79134pt x 320.11156pt.

Overfull \hbox (81.79134pt too wide) in paragraph at lines 135--136
[][] 
 []

Package epstopdf Info: Source file: <figs/IIR_Cheb_lpDesign.eps>
(epstopdf)                    date: 2021-04-24 00:53:53
(epstopdf)                    size: 34096 bytes
(epstopdf)             Output file: <figs/IIR_Cheb_lpDesign-eps-converted-to.pd
f>
(epstopdf)                    date: 2021-04-24 00:59:32
(epstopdf)                    size: 44183 bytes
(epstopdf)             Command: <repstopdf --outfile=figs/IIR_Cheb_lpDesign-eps
-converted-to.pdf figs/IIR_Cheb_lpDesign.eps>
(epstopdf)             \includegraphics on input line 142.
Package epstopdf Info: Output file is already uptodate.


pdfTeX warning: pdflatex (file ./figs/IIR_Cheb_lpDesign-eps-converted-to.pdf): 
PDF inclusion: found PDF version <1.7>, but at most version <1.5> allowed
<figs/IIR_Cheb_lpDesign-eps-converted-to.pdf, id=23, 462.52798pt x 346.89601pt>

File: figs/IIR_Cheb_lpDesign-eps-converted-to.pdf Graphic file (type pdf)
<use figs/IIR_Cheb_lpDesign-eps-converted-to.pdf>
Package pdftex.def Info: figs/IIR_Cheb_lpDesign-eps-converted-to.pdf  used on i
nput line 142.
(pdftex.def)             Requested size: 426.79134pt x 320.11156pt.

Overfull \hbox (81.79134pt too wide) in paragraph at lines 142--143
[][] 
 []

Package epstopdf Info: Source file: <figs/IIR_Analogbp.eps>
(epstopdf)                    date: 2021-04-24 00:58:47
(epstopdf)                    size: 17943 bytes
(epstopdf)             Output file: <figs/IIR_Analogbp-eps-converted-to.pdf>
(epstopdf)                    date: 2021-04-24 00:59:33
(epstopdf)                    size: 10346 bytes
(epstopdf)             Command: <repstopdf --outfile=figs/IIR_Analogbp-eps-conv
erted-to.pdf figs/IIR_Analogbp.eps>
(epstopdf)             \includegraphics on input line 148.
Package epstopdf Info: Output file is already uptodate.


pdfTeX warning: pdflatex (file ./figs/IIR_Analogbp-eps-converted-to.pdf): PDF i
nclusion: found PDF version <1.7>, but at most version <1.5> allowed
<figs/IIR_Analogbp-eps-converted-to.pdf, id=24, 462.52798pt x 346.89601pt>
File: figs/IIR_Analogbp-eps-converted-to.pdf Graphic file (type pdf)
<use figs/IIR_Analogbp-eps-converted-to.pdf>
Package pdftex.def Info: figs/IIR_Analogbp-eps-converted-to.pdf  used on input 
line 148.
(pdftex.def)             Requested size: 426.79134pt x 320.11156pt.

Overfull \hbox (81.79134pt too wide) in paragraph at lines 148--149
[][] 
 []

[3] [4 <./figs/IIR_Cheb_lp-eps-converted-to.pdf>] [5 <./figs/IIR_Cheb_lpDesign-
eps-converted-to.pdf>] [6 <./figs/IIR_Analogbp-eps-converted-to.pdf>]
Package epstopdf Info: Source file: <figs/IIR_Digitalbp.eps>
(epstopdf)                    date: 2021-04-24 00:58:47
(epstopdf)                    size: 21555 bytes
(epstopdf)             Output file: <figs/IIR_Digitalbp-eps-converted-to.pdf>
(epstopdf)                    date: 2021-04-24 00:59:33
(epstopdf)                    size: 11545 bytes
(epstopdf)             Command: <repstopdf --outfile=figs/IIR_Digitalbp-eps-con
verted-to.pdf figs/IIR_Digitalbp.eps>
(epstopdf)             \includegraphics on input line 178.
Package epstopdf Info: Output file is already uptodate.


pdfTeX warning: pdflatex (file ./figs/IIR_Digitalbp-eps-converted-to.pdf): PDF 
inclusion: found PDF version <1.7>, but at most version <1.5> allowed
<figs/IIR_Digitalbp-eps-converted-to.pdf, id=128, 462.52798pt x 346.89601pt>
File: figs/IIR_Digitalbp-eps-converted-to.pdf Graphic file (type pdf)
<use figs/IIR_Digitalbp-eps-converted-to.pdf>
Package pdftex.def Info: figs/IIR_Digitalbp-eps-converted-to.pdf  used on input
 line 178.
(pdftex.def)             Requested size: 426.79134pt x 320.11156pt.

Overfull \hbox (81.79134pt too wide) in paragraph at lines 178--179
[][] 
 []

[7] [8 <./figs/IIR_Digitalbp-eps-converted-to.pdf>]
Package epstopdf Info: Source file: <figs/FIR_lowpass.eps>
(epstopdf)                    date: 2021-04-24 00:46:22
(epstopdf)                    size: 19226 bytes
(epstopdf)             Output file: <figs/FIR_lowpass-eps-converted-to.pdf>
(epstopdf)                    date: 2021-04-24 00:59:33
(epstopdf)                    size: 11552 bytes
(epstopdf)             Command: <repstopdf --outfile=figs/FIR_lowpass-eps-conve
rted-to.pdf figs/FIR_lowpass.eps>
(epstopdf)             \includegraphics on input line 251.
Package epstopdf Info: Output file is already uptodate.


pdfTeX warning: pdflatex (file ./figs/FIR_lowpass-eps-converted-to.pdf): PDF in
clusion: found PDF version <1.7>, but at most version <1.5> allowed
<figs/FIR_lowpass-eps-converted-to.pdf, id=163, 462.52798pt x 346.89601pt>
File: figs/FIR_lowpass-eps-converted-to.pdf Graphic file (type pdf)
<use figs/FIR_lowpass-eps-converted-to.pdf>
Package pdftex.def Info: figs/FIR_lowpass-eps-converted-to.pdf  used on input l
ine 251.
(pdftex.def)             Requested size: 426.79134pt x 320.11156pt.

Overfull \hbox (81.79134pt too wide) in paragraph at lines 251--252
[][] 
 []

[9] [10 <./figs/FIR_lowpass-eps-converted-to.pdf>]
Package epstopdf Info: Source file: <figs/FIR_bandpass.eps>
(epstopdf)                    date: 2021-04-24 00:46:24
(epstopdf)                    size: 19872 bytes
(epstopdf)             Output file: <figs/FIR_bandpass-eps-converted-to.pdf>
(epstopdf)                    date: 2021-04-24 00:59:34
(epstopdf)                    size: 11870 bytes
(epstopdf)             Command: <repstopdf --outfile=figs/FIR_bandpass-eps-conv
erted-to.pdf figs/FIR_bandpass.eps>
(epstopdf)             \includegraphics on input line 272.
Package epstopdf Info: Output file is already uptodate.


pdfTeX warning: pdflatex (file ./figs/FIR_bandpass-eps-converted-to.pdf): PDF i
nclusion: found PDF version <1.7>, but at most version <1.5> allowed
<figs/FIR_bandpass-eps-converted-to.pdf, id=198, 462.52798pt x 346.89601pt>
File: figs/FIR_bandpass-eps-converted-to.pdf Graphic file (type pdf)
<use figs/FIR_bandpass-eps-converted-to.pdf>
Package pdftex.def Info: figs/FIR_bandpass-eps-converted-to.pdf  used on input 
line 272.
(pdftex.def)             Requested size: 426.79134pt x 320.11156pt.

Overfull \hbox (81.79134pt too wide) in paragraph at lines 272--273
[][] 
 []

[11 <./figs/FIR_bandpass-eps-converted-to.pdf>] (./filter_design.aux) ) 
Here is how much of TeX's memory you used:
 1512 strings out of 492982
 22442 string characters out of 6134896
 82570 words of memory out of 5000000
 5077 multiletter control sequences out of 15000+600000
 7933 words of font info for 28 fonts, out of 8000000 for 9000
 1141 hyphenation exceptions out of 8191
 41i,12n,25p,532b,216s stack positions out of 5000i,500n,10000p,200000b,80000s
</usr/sh
are/texlive/texmf-dist/fonts/type1/public/amsfonts/cm/cmbx12.pfb></usr/share/te
xlive/texmf-dist/fonts/type1/public/amsfonts/cm/cmex10.pfb></usr/share/texlive/
texmf-dist/fonts/type1/public/amsfonts/cm/cmmi10.pfb></usr/share/texlive/texmf-
dist/fonts/type1/public/amsfonts/cm/cmmi5.pfb></usr/share/texlive/texmf-dist/fo
nts/type1/public/amsfonts/cm/cmmi7.pfb></usr/share/texlive/texmf-dist/fonts/typ
e1/public/amsfonts/cm/cmr10.pfb></usr/share/texlive/texmf-dist/fonts/type1/publ
ic/amsfonts/cm/cmr12.pfb></usr/share/texlive/texmf-dist/fonts/type1/public/amsf
onts/cm/cmr17.pfb></usr/share/texlive/texmf-dist/fonts/type1/public/amsfonts/cm
/cmr5.pfb></usr/share/texlive/texmf-dist/fonts/type1/public/amsfonts/cm/cmr7.pf
b></usr/share/texlive/texmf-dist/fonts/type1/public/amsfonts/cm/cmsy10.pfb></us
r/share/texlive/texmf-dist/fonts/type1/public/amsfonts/cm/cmsy5.pfb></usr/share
/texlive/texmf-dist/fonts/type1/public/amsfonts/cm/cmsy7.pfb></usr/share/texliv
e/texmf-dist/fonts/type1/public/amsfonts/cm/cmti10.pfb>
Output written on filter_design.pdf (11 pages, 260087 bytes).
PDF statistics:
 276 PDF objects out of 1000 (max. 8388607)
 108 compressed objects within 2 object streams
 0 named destinations out of 1000 (max. 500000)
 31 words of extra memory for PDF output out of 10000 (max. 10000000)

